2024-10-26 00:30:53 Error: 
DBG: Inside beforeFilter()

2024-10-26 00:33:03 Error: 
DBG: Inside beforeFilter()

2024-10-26 00:33:15 Error: 
DBG: Inside beforeFilter()

2024-10-26 00:34:55 Error: 
DBG: Inside beforeFilter()

2024-10-26 00:34:56 Error: 
DBG: Extraction Starts: PROJECT-ID: 1609959, USER-ID: 1

2024-10-26 00:34:56 Error: 
DBG: .SB FILE FOUND: C:\xampp\htdocs\app\webroot/static/projects/Heathercat123/1609959.sb

2024-10-26 00:34:56 Error: 
DBG: Executing: C:\Program Files\Java\jre1.8.0_431\bin -jar C:^\xampp^\htdocs^\app^\misc/historyextraction/ScratchAnalyzer.jar  h "C:^\xampp^\htdocs^\app^\webroot/static/projects/Heathercat123/1609959.sb"

2024-10-26 00:34:56 Error: 
ERR: Analyzer returns error: 'LANG' is not recognized as an internal or external command,
operable program or batch file.

2024-10-26 00:34:56 Error: 
DBG: Running Full Analyzer 

2024-10-26 00:34:56 Error: 
DBG: Extraction Ends: PROJECT-ID: 1609959, USER-ID: 1

2024-10-26 00:35:45 Error: 
DBG: Inside beforeFilter()

2024-10-26 00:36:18 Error: 
DBG: Inside beforeFilter()

2024-10-26 00:36:18 Error: 
DBG: Inside beforeFilter()

2024-10-26 00:37:02 Error: 
DBG: Inside beforeFilter()

2024-10-26 00:37:03 Error: 
DBG: Extraction Starts: PROJECT-ID: 1609960, USER-ID: 2

2024-10-26 00:37:03 Error: 
DBG: .SB FILE FOUND: C:\xampp\htdocs\app\webroot/static/projects/Heathercat321/1609960.sb

2024-10-26 00:37:03 Error: 
DBG: Executing: C:\Program Files\Java\jre1.8.0_431\bin -jar C:^\xampp^\htdocs^\app^\misc/historyextraction/ScratchAnalyzer.jar  h "C:^\xampp^\htdocs^\app^\webroot/static/projects/Heathercat321/1609960.sb"

2024-10-26 00:37:03 Error: 
ERR: Analyzer returns error: 'LANG' is not recognized as an internal or external command,
operable program or batch file.

2024-10-26 00:37:03 Error: 
DBG: Running Full Analyzer 

2024-10-26 00:37:03 Error: 
DBG: Extraction Ends: PROJECT-ID: 1609960, USER-ID: 2

2024-10-26 00:45:28 Error: 
DBG: Inside beforeFilter()

2024-10-26 13:55:35 Error: 
DBG: Inside beforeFilter()

2024-10-26 13:58:06 Error: 
DBG: Inside beforeFilter()

2024-10-26 13:58:26 Error: 
DBG: Inside beforeFilter()

2024-10-26 14:03:48 Error: 
DBG: Inside beforeFilter()

2024-10-26 14:04:30 Error: 
DBG: Inside beforeFilter()

2024-10-26 14:07:16 Error: 
DBG: Inside beforeFilter()

2024-10-26 14:07:45 Error: 
DBG: Inside beforeFilter()

2024-10-26 14:09:13 Error: 
DBG: Inside beforeFilter()

2024-10-26 14:09:39 Error: 
DBG: Inside beforeFilter()

2024-10-26 14:11:53 Error: 
DBG: Inside beforeFilter()

2024-10-26 14:12:56 Error: 
DBG: Inside beforeFilter()

2024-10-26 14:13:58 Error: 
DBG: Inside beforeFilter()

2024-10-26 14:14:13 Error: 
DBG: Inside beforeFilter()

2024-10-26 14:14:54 Error: 
DBG: Inside beforeFilter()

2024-10-26 14:15:27 Error: 
DBG: Inside beforeFilter()

2024-10-26 14:16:24 Error: 
DBG: Inside beforeFilter()

2024-10-26 14:16:24 Error: 
DBG: Inside _upload()

2024-10-26 14:16:25 Error: 
DBG: Extraction Starts: PROJECT-ID: 1609961, USER-ID: 1

2024-10-26 14:16:25 Error: 
DBG: .SB FILE FOUND: C:\xampp\htdocs\app\webroot/static/projects/Heathercat123/1609961.sb

2024-10-26 14:16:25 Error: 
DBG: Executing: C:\Program Files\Java\jre1.8.0_431\bin -jar C:^\xampp^\htdocs^\app^\misc/historyextraction/ScratchAnalyzer.jar  h "C:^\xampp^\htdocs^\app^\webroot/static/projects/Heathercat123/1609961.sb"

2024-10-26 14:16:25 Error: 
ERR: Analyzer returns error: 'LANG' is not recognized as an internal or external command,
operable program or batch file.

2024-10-26 14:16:25 Error: 
DBG: Running Full Analyzer 

2024-10-26 14:16:25 Error: 
DBG: Extraction Ends: PROJECT-ID: 1609961, USER-ID: 1

2024-10-26 14:19:51 Error: 
DBG: Inside beforeFilter()

2024-10-26 14:19:51 Error: 
DBG: Inside _upload()

2024-10-26 14:19:51 Error: 
DBG: Extraction Starts: PROJECT-ID: 1609962, USER-ID: 2

2024-10-26 14:19:51 Error: 
DBG: .SB FILE FOUND: C:\xampp\htdocs\app\webroot/static/projects/Heathercat321/1609962.sb

2024-10-26 14:19:51 Error: 
DBG: Executing: C:\Program Files\Java\jre1.8.0_431\bin -jar C:^\xampp^\htdocs^\app^\misc/historyextraction/ScratchAnalyzer.jar  h "C:^\xampp^\htdocs^\app^\webroot/static/projects/Heathercat321/1609962.sb"

2024-10-26 14:19:51 Error: 
ERR: Analyzer returns error: 'LANG' is not recognized as an internal or external command,
operable program or batch file.

2024-10-26 14:19:51 Error: 
DBG: Running Full Analyzer 

2024-10-26 14:19:51 Error: 
DBG: Extraction Ends: PROJECT-ID: 1609962, USER-ID: 2

2024-10-26 18:21:05 Error: 
DBG: Inside beforeFilter()

2024-10-26 18:22:40 Error: 
DBG: Inside beforeFilter()

2024-10-26 18:22:41 Error: 
DBG: Inside beforeFilter()

2024-10-26 18:25:33 Error: 
DBG: Inside beforeFilter()

2024-10-26 18:25:34 Error: 
DBG: Inside beforeFilter()

2024-10-26 18:26:06 Error: 
DBG: Inside beforeFilter()

2024-10-26 18:26:08 Error: 
DBG: Inside beforeFilter()

2024-10-26 18:27:22 Error: 
DBG: Inside beforeFilter()

2024-10-26 18:29:40 Error: 
DBG: Inside beforeFilter()

2024-10-26 18:29:40 Error: 
DBG: Extraction Starts: PROJECT-ID: 1609963, USER-ID: 6

2024-10-26 18:29:40 Error: 
DBG: .SB FILE FOUND: C:\xampp\htdocs\app\webroot/static/projects/Hexerade/1609963.sb

2024-10-26 18:29:40 Error: 
DBG: Executing: C:\Program Files\Java\jre1.8.0_431\bin -jar C:^\xampp^\htdocs^\app^\misc/historyextraction/ScratchAnalyzer.jar  h "C:^\xampp^\htdocs^\app^\webroot/static/projects/Hexerade/1609963.sb"

2024-10-26 18:29:40 Error: 
ERR: Analyzer returns error: 'LANG' is not recognized as an internal or external command,
operable program or batch file.

2024-10-26 18:29:40 Error: 
DBG: Running Full Analyzer 

2024-10-26 18:29:40 Error: 
DBG: Extraction Ends: PROJECT-ID: 1609963, USER-ID: 6

2024-10-26 18:57:17 Error: 
DBG: Inside beforeFilter()

2024-10-26 18:57:18 Error: 
DBG: Inside beforeFilter()

2024-10-26 19:00:41 Error: 
DBG: Inside beforeFilter()

2024-10-26 19:00:41 Error: 
DBG: Extraction Starts: PROJECT-ID: 1609964, USER-ID: 10

2024-10-26 19:00:41 Error: 
DBG: .SB FILE FOUND: C:\xampp\htdocs\app\webroot/static/projects/C1theRGF/1609964.sb

2024-10-26 19:00:41 Error: 
DBG: Executing: C:\Program Files\Java\jre1.8.0_431\bin -jar C:^\xampp^\htdocs^\app^\misc/historyextraction/ScratchAnalyzer.jar  h "C:^\xampp^\htdocs^\app^\webroot/static/projects/C1theRGF/1609964.sb"

2024-10-26 19:00:41 Error: 
ERR: Analyzer returns error: 'LANG' is not recognized as an internal or external command,
operable program or batch file.

2024-10-26 19:00:41 Error: 
DBG: Running Full Analyzer 

2024-10-26 19:00:41 Error: 
DBG: Extraction Ends: PROJECT-ID: 1609964, USER-ID: 10

2024-10-26 20:43:27 Warning: Warning (512): Cache not configured properly. Please check Cache::config(); in APP/config/core.php in [CORE\cake\libs\configure.php, line 647]
2024-10-26 20:43:27 Warning: Warning (2): array_merge() [<a href='http://php.net/function.array-merge'>function.array-merge</a>]: Argument #1 is not an array in [CORE\cake\libs\configure.php, line 668]
2024-10-26 20:43:27 Warning: Warning (2): array_merge() [<a href='http://php.net/function.array-merge'>function.array-merge</a>]: Argument #1 is not an array in [CORE\cake\libs\configure.php, line 676]
2024-10-26 20:43:28 Warning: Warning (512): <span style = "color:Red;text-align:left"><b>SQL Error:</b> 1146: Table 'scratchr.special_survey_users' doesn't exist</span> in [CORE\cake\libs\model\datasources\dbo_source.php, line 512]
2024-10-26 20:56:32 Error: 
DBG: Inside beforeFilter()

2024-10-26 20:56:32 Error: 
DBG: Inside _upload()

2024-10-26 20:56:32 Error: 
DBG: Extraction Starts: PROJECT-ID: 1609965, USER-ID: 2

2024-10-26 20:56:32 Error: 
DBG: .SB FILE FOUND: C:\xampp\htdocs\app\webroot/static/projects/Heathercat321/1609965.sb

2024-10-26 20:56:32 Error: 
DBG: Executing: C:\Program Files\Java\jre1.8.0_431\bin -jar C:^\xampp^\htdocs^\app^\misc/historyextraction/ScratchAnalyzer.jar  h "C:^\xampp^\htdocs^\app^\webroot/static/projects/Heathercat321/1609965.sb"

2024-10-26 20:56:32 Error: 
ERR: Analyzer returns error: 'LANG' is not recognized as an internal or external command,
operable program or batch file.

2024-10-26 20:56:32 Error: 
DBG: Running Full Analyzer 

2024-10-26 20:56:32 Error: 
DBG: Extraction Ends: PROJECT-ID: 1609965, USER-ID: 2

2024-10-30 13:17:19 Error: 
DBG: Inside beforeFilter()

2024-10-30 13:18:43 Error: 
DBG: Inside beforeFilter()

2024-10-30 13:18:44 Error: 
DBG: Extraction Starts: PROJECT-ID: 1609966, USER-ID: 12

2024-10-30 13:18:44 Error: 
DBG: .SB FILE FOUND: C:\xampp\htdocs\app\webroot/static/projects/andresmh/1609966.sb

2024-10-30 13:18:44 Error: 
DBG: Executing: C:\Program Files\Java\jre1.8.0_431\bin -jar C:^\xampp^\htdocs^\app^\misc/historyextraction/ScratchAnalyzer.jar  h "C:^\xampp^\htdocs^\app^\webroot/static/projects/andresmh/1609966.sb"

2024-10-30 13:18:44 Error: 
ERR: Analyzer returns error: 'LANG' is not recognized as an internal or external command,
operable program or batch file.

2024-10-30 13:18:44 Error: 
DBG: Running Full Analyzer 

2024-10-30 13:18:44 Error: 
DBG: Extraction Ends: PROJECT-ID: 1609966, USER-ID: 12

2024-10-30 13:33:23 Error: 
DBG: Inside beforeFilter()

2024-10-30 13:52:58 Error: 
DBG: Inside beforeFilter()

2024-10-30 13:56:29 Error: 
DBG: Inside beforeFilter()

2024-10-30 13:57:31 Error: 
DBG: Inside beforeFilter()

2024-10-30 13:57:34 Error: 
DBG: Inside beforeFilter()

2024-10-30 13:57:34 Error: 
DBG: Inside beforeFilter()

2024-10-30 13:57:35 Error: 
DBG: Inside beforeFilter()

2024-10-30 13:57:35 Error: 
DBG: Inside beforeFilter()

2024-10-30 13:57:35 Error: 
DBG: Inside beforeFilter()

2024-10-30 13:57:41 Error: 
DBG: Inside beforeFilter()

2024-10-30 13:57:44 Error: 
DBG: Inside beforeFilter()

2024-10-30 13:58:59 Error: 
DBG: Inside beforeFilter()

2024-10-30 13:58:59 Error: 
DBG: Extraction Starts: PROJECT-ID: 1609967, USER-ID: 13

2024-10-30 13:58:59 Error: 
DBG: .SB FILE FOUND: C:\xampp\htdocs\app\webroot/static/projects/HuxVAP/1609967.sb

2024-10-30 13:58:59 Error: 
DBG: Executing: C:\Program Files\Java\jre1.8.0_431\bin -jar C:^\xampp^\htdocs^\app^\misc/historyextraction/ScratchAnalyzer.jar  h "C:^\xampp^\htdocs^\app^\webroot/static/projects/HuxVAP/1609967.sb"

2024-10-30 13:58:59 Error: 
ERR: Analyzer returns error: 'LANG' is not recognized as an internal or external command,
operable program or batch file.

2024-10-30 13:58:59 Error: 
DBG: Running Full Analyzer 

2024-10-30 13:58:59 Error: 
DBG: Extraction Ends: PROJECT-ID: 1609967, USER-ID: 13

2024-11-01 13:15:41 Error: 
DBG: Inside beforeFilter()

2024-11-01 13:18:21 Error: 
DBG: Inside beforeFilter()

2024-11-01 13:18:21 Error: 
DBG: Inside beforeFilter()

2024-11-01 13:18:21 Error: 
DBG: Inside beforeFilter()

2024-11-01 13:18:23 Error: 
DBG: Inside beforeFilter()

2024-11-01 13:18:30 Error: 
DBG: Inside beforeFilter()

2024-11-01 13:20:00 Error: 
DBG: Inside beforeFilter()

2024-11-01 13:20:10 Error: 
DBG: Inside beforeFilter()

2024-11-01 13:20:13 Error: 
DBG: Inside beforeFilter()

2024-11-01 13:20:16 Error: 
DBG: Inside beforeFilter()

2024-11-01 13:20:57 Error: 
DBG: Inside beforeFilter()

2024-11-01 13:20:57 Error: 
DBG: Extraction Starts: PROJECT-ID: 1609968, USER-ID: 13

2024-11-01 13:20:57 Error: 
DBG: .SB FILE FOUND: C:\xampp\htdocs\app\webroot/static/projects/HuxVAP/1609968.sb

2024-11-01 13:20:57 Error: 
DBG: Executing: C:\Program Files\Java\jre1.8.0_431\bin -jar C:^\xampp^\htdocs^\app^\misc/historyextraction/ScratchAnalyzer.jar  h "C:^\xampp^\htdocs^\app^\webroot/static/projects/HuxVAP/1609968.sb"

2024-11-01 13:20:57 Error: 
ERR: Analyzer returns error: 'LANG' is not recognized as an internal or external command,
operable program or batch file.

2024-11-01 13:20:57 Error: 
DBG: Running Full Analyzer 

2024-11-01 13:20:57 Error: 
DBG: Extraction Ends: PROJECT-ID: 1609968, USER-ID: 13

2024-11-01 14:55:41 Error: 
DBG: Inside beforeFilter()

2024-11-01 14:57:56 Error: 
DBG: Inside beforeFilter()

2024-11-01 14:57:57 Error: 
DBG: Inside beforeFilter()

2024-11-01 14:58:11 Error: 
DBG: Inside beforeFilter()

2024-11-01 14:58:11 Error: 
DBG: Inside beforeFilter()

2024-11-01 14:58:43 Error: 
DBG: Inside beforeFilter()

2024-11-01 14:58:43 Error: 
DBG: Inside beforeFilter()

2024-11-01 14:59:06 Error: 
DBG: Inside beforeFilter()

2024-11-01 14:59:07 Error: 
DBG: Extraction Starts: PROJECT-ID: 1609969, USER-ID: 13

2024-11-01 14:59:07 Error: 
DBG: .SB FILE FOUND: C:\xampp\htdocs\app\webroot/static/projects/HuxVAP/1609969.sb

2024-11-01 14:59:07 Error: 
DBG: Executing: C:\Program Files\Java\jre1.8.0_431\bin -jar C:^\xampp^\htdocs^\app^\misc/historyextraction/ScratchAnalyzer.jar  h "C:^\xampp^\htdocs^\app^\webroot/static/projects/HuxVAP/1609969.sb"

2024-11-01 14:59:07 Error: 
ERR: Analyzer returns error: 'LANG' is not recognized as an internal or external command,
operable program or batch file.

2024-11-01 14:59:07 Error: 
DBG: Running Full Analyzer 

2024-11-01 14:59:07 Error: 
DBG: Extraction Ends: PROJECT-ID: 1609969, USER-ID: 13

2024-11-02 12:42:49 Error: 
DBG: Inside beforeFilter()

2024-11-02 12:49:49 Error: 
DBG: Inside beforeFilter()

2024-11-02 13:24:06 Error: 
DBG: Inside beforeFilter()

2024-11-02 13:47:43 Error: 
DBG: Inside beforeFilter()

2024-11-02 13:49:45 Error: 
DBG: Inside beforeFilter()

2024-11-02 13:49:46 Error: 
DBG: Inside beforeFilter()

2024-11-02 13:51:58 Error: 
DBG: Inside beforeFilter()

2024-11-02 13:51:59 Error: 
DBG: Extraction Starts: PROJECT-ID: 1609970, USER-ID: 17

2024-11-02 13:51:59 Error: 
DBG: .SB FILE FOUND: C:\xampp\htdocs\app\webroot/static/projects/DifferentDance8/1609970.sb

2024-11-02 13:51:59 Error: 
DBG: Executing: C:\Program Files\Java\jre1.8.0_431\bin -jar C:^\xampp^\htdocs^\app^\misc/historyextraction/ScratchAnalyzer.jar  h "C:^\xampp^\htdocs^\app^\webroot/static/projects/DifferentDance8/1609970.sb"

2024-11-02 13:51:59 Error: 
ERR: Analyzer returns error: 'LANG' is not recognized as an internal or external command,
operable program or batch file.

2024-11-02 13:51:59 Error: 
DBG: Running Full Analyzer 

2024-11-02 13:51:59 Error: 
DBG: Extraction Ends: PROJECT-ID: 1609970, USER-ID: 17

2024-11-02 15:13:45 Error: 
DBG: Inside beforeFilter()

2024-11-02 15:16:00 Error: 
DBG: Inside beforeFilter()

2024-11-02 15:18:48 Error: 
DBG: Inside beforeFilter()

2024-11-02 15:23:02 Error: 
DBG: Inside beforeFilter()

2024-11-02 15:23:29 Error: 
DBG: Inside beforeFilter()

2024-11-02 15:23:41 Error: 
DBG: Inside beforeFilter()

2024-11-02 15:23:41 Error: 
DBG: Inside beforeFilter()

2024-11-02 15:23:43 Error: 
DBG: Inside beforeFilter()

2024-11-02 15:25:19 Error: 
DBG: Inside beforeFilter()

2024-11-02 15:25:58 Error: 
DBG: Inside beforeFilter()

2024-11-02 15:26:06 Error: 
DBG: Inside beforeFilter()

2024-11-02 15:26:26 Error: 
DBG: Inside beforeFilter()

2024-11-02 15:26:27 Error: 
DBG: Inside beforeFilter()

2024-11-02 15:27:04 Error: 
DBG: Inside beforeFilter()

2024-11-02 15:27:05 Error: 
DBG: Inside beforeFilter()

2024-11-02 15:27:22 Error: 
DBG: Inside beforeFilter()

2024-11-02 15:27:52 Error: 
DBG: Inside beforeFilter()

2024-11-02 15:27:56 Error: 
DBG: Inside beforeFilter()

2024-11-02 15:27:56 Error: 
DBG: Extraction Starts: PROJECT-ID: 1609971, USER-ID: 24

2024-11-02 15:27:56 Error: 
DBG: .SB FILE FOUND: C:\xampp\htdocs\app\webroot/static/projects/NotTsengGames/1609971.sb

2024-11-02 15:27:56 Error: 
DBG: Executing: C:\Program Files\Java\jre1.8.0_431\bin -jar C:^\xampp^\htdocs^\app^\misc/historyextraction/ScratchAnalyzer.jar  h "C:^\xampp^\htdocs^\app^\webroot/static/projects/NotTsengGames/1609971.sb"

2024-11-02 15:27:56 Error: 
ERR: Analyzer returns error: 'LANG' is not recognized as an internal or external command,
operable program or batch file.

2024-11-02 15:27:56 Error: 
DBG: Running Full Analyzer 

2024-11-02 15:27:56 Error: 
DBG: Extraction Ends: PROJECT-ID: 1609971, USER-ID: 24

2024-11-02 16:15:06 Error: 
DBG: Inside beforeFilter()

2024-11-02 16:19:40 Error: 
DBG: Inside beforeFilter()

2024-11-06 01:13:22 Error: 
DBG: Inside beforeFilter()

2024-11-06 01:20:31 Error: 
DBG: Inside beforeFilter()

2024-11-06 01:21:17 Error: 
DBG: Inside beforeFilter()

2024-11-06 01:21:17 Error: 
DBG: Extraction Starts: PROJECT-ID: 1609972, USER-ID: 32

2024-11-06 01:21:17 Error: 
DBG: .SB FILE FOUND: C:\xampp\htdocs\scratchr\app\webroot/static/projects/bar/1609972.sb

2024-11-06 01:21:17 Error: 
DBG: Executing: C:\Program Files\Java\jre1.8.0_431\bin -jar C:^\xampp^\htdocs^\scratchr^\app^\misc/historyextraction/ScratchAnalyzer.jar  h "C:^\xampp^\htdocs^\scratchr^\app^\webroot/static/projects/bar/1609972.sb"

2024-11-06 01:21:17 Error: 
ERR: Analyzer returns error: 'LANG' is not recognized as an internal or external command,
operable program or batch file.

2024-11-06 01:21:17 Error: 
DBG: Running Full Analyzer 

2024-11-06 01:21:17 Error: 
DBG: Extraction Ends: PROJECT-ID: 1609972, USER-ID: 32

2024-11-11 22:31:39 Error: 
DBG: Inside beforeFilter()

2024-11-11 22:32:32 Error: 
DBG: Inside beforeFilter()

2024-11-11 22:32:32 Error: 
DBG: Extraction Starts: PROJECT-ID: 1609973, USER-ID: 34

2024-11-11 22:32:32 Error: 
DBG: .SB FILE FOUND: C:\xampp\htdocs\scratchr\app\webroot/static/projects/8to16/1609973.sb

2024-11-11 22:32:32 Error: 
DBG: Executing: C:\Program Files\Java\jre1.8.0_431\bin -jar C:^\xampp^\htdocs^\scratchr^\app^\misc/historyextraction/ScratchAnalyzer.jar  h "C:^\xampp^\htdocs^\scratchr^\app^\webroot/static/projects/8to16/1609973.sb"

2024-11-11 22:32:32 Error: 
ERR: Analyzer returns error: 'LANG' is not recognized as an internal or external command,
operable program or batch file.

2024-11-11 22:32:32 Error: 
DBG: Running Full Analyzer 

2024-11-11 22:32:32 Error: 
DBG: Extraction Ends: PROJECT-ID: 1609973, USER-ID: 34

